{"/Users/javi/proyectos/src/ddd/application/fetchNews.ts": {"path":"/Users/javi/proyectos/src/ddd/application/fetchNews.ts","statementMap":{"0":{"start":{"line":4,"column":0},"end":{"line":4,"column":7}},"1":{"start":{"line":2,"column":0},"end":{"line":2,"column":61}},"2":{"start":{"line":5,"column":4},"end":{"line":5,"column":30}}},"fnMap":{"0":{"name":"fetchNews","decl":{"start":{"line":4,"column":22},"end":{"line":4,"column":31}},"loc":{"start":{"line":4,"column":31},"end":{"line":6,"column":1}}}},"branchMap":{},"s":{"0":1,"1":1,"2":2},"f":{"0":2},"b":{}}
,"/Users/javi/proyectos/src/ddd/infrastructure/newsApi.ts": {"path":"/Users/javi/proyectos/src/ddd/infrastructure/newsApi.ts","statementMap":{"0":{"start":{"line":3,"column":0},"end":{"line":3,"column":7}},"1":{"start":{"line":4,"column":14},"end":{"line":4,"column":55}},"2":{"start":{"line":5,"column":2},"end":{"line":5,"column":60}},"3":{"start":{"line":5,"column":15},"end":{"line":5,"column":60}},"4":{"start":{"line":6,"column":2},"end":{"line":6,"column":20}}},"fnMap":{"0":{"name":"fetchNewsFromApi","decl":{"start":{"line":3,"column":22},"end":{"line":3,"column":38}},"loc":{"start":{"line":3,"column":38},"end":{"line":7,"column":1}}}},"branchMap":{"0":{"loc":{"start":{"line":5,"column":2},"end":{"line":5,"column":60}},"type":"if","locations":[{"start":{"line":5,"column":2},"end":{"line":5,"column":60}},{"start":{},"end":{}}]}},"s":{"0":2,"1":8,"2":7,"3":4,"4":3},"f":{"0":8},"b":{"0":[4,3]}}
}
